Watching for file changes with StatReloader
[21/Nov/2024 22:52:13] "POST /api_handler/cache_air_search/ HTTP/1.0" 200 13121
Bad Request: /api_handler/cache_air_search/
[21/Nov/2024 22:53:05] "POST /api_handler/cache_air_search/ HTTP/1.0" 400 324
Not Found: /
[22/Nov/2024 02:23:50] "GET / HTTP/1.0" 404 2202
Not Found: /
[22/Nov/2024 08:50:56] "GET / HTTP/1.0" 404 2202
Not Found: /.env
[22/Nov/2024 08:57:31] "GET /.env HTTP/1.0" 404 2232
Not Found: /
[22/Nov/2024 08:57:32] "POST / HTTP/1.0" 404 2203
Bad Request: /api_handler/cache_air_search/
[22/Nov/2024 19:33:11] "POST /api_handler/cache_air_search/ HTTP/1.0" 400 126
[22/Nov/2024 19:36:05] "POST /api_handler/cache_air_search/ HTTP/1.0" 200 4270
[22/Nov/2024 19:39:15] "POST /api_handler/cache_air_search/ HTTP/1.0" 200 39513
[22/Nov/2024 19:48:46] "POST /api_handler/cache_air_search/ HTTP/1.0" 200 4270
[22/Nov/2024 19:49:36] "POST /api_handler/cache_air_search/ HTTP/1.0" 200 4270
[22/Nov/2024 19:58:37] "POST /api_handler/cache_air_search/ HTTP/1.0" 200 2
[22/Nov/2024 19:59:05] "POST /api_handler/cache_air_search/ HTTP/1.0" 200 8536
[22/Nov/2024 20:01:38] "POST /api_handler/cache_air_search/ HTTP/1.0" 200 4270
[22/Nov/2024 20:02:38] "POST /api_handler/cache_air_search/ HTTP/1.0" 200 4270
[22/Nov/2024 20:41:52] "POST /api_handler/cache_air_search/ HTTP/1.0" 200 4270
[22/Nov/2024 20:42:25] "POST /api_handler/cache_air_search/ HTTP/1.0" 200 18467
[22/Nov/2024 20:43:52] "POST /api_handler/cache_air_search/ HTTP/1.0" 200 54852
[22/Nov/2024 20:48:26] "POST /api_handler/cache_air_search/ HTTP/1.0" 200 4270
[22/Nov/2024 20:51:41] "POST /api_handler/cache_air_search/ HTTP/1.0" 200 4270
[22/Nov/2024 22:45:52] "POST /api_handler/cache_air_search/ HTTP/1.0" 200 4270
Not Found: /
[22/Nov/2024 23:17:27] "GET / HTTP/1.0" 404 2202
Not Found: /.env
[23/Nov/2024 00:58:34] "GET /.env HTTP/1.0" 404 2232
Not Found: /.env.exemple
[23/Nov/2024 00:58:35] "GET /.env.exemple HTTP/1.0" 404 2256
Not Found: /config.json
[23/Nov/2024 00:58:36] "GET /config.json HTTP/1.0" 404 2253
Not Found: /sendgrid.env
[23/Nov/2024 00:58:37] "GET /sendgrid.env HTTP/1.0" 404 2256
Not Found: /.aws/credentials
[23/Nov/2024 00:58:38] "GET /.aws/credentials HTTP/1.0" 404 2268
Not Found: /phpinfo.php
[23/Nov/2024 00:58:38] "GET /phpinfo.php HTTP/1.0" 404 2253
Not Found: /phpinfo
[23/Nov/2024 00:58:39] "GET /phpinfo HTTP/1.0" 404 2241
Not Found: /info
[23/Nov/2024 00:58:40] "GET /info HTTP/1.0" 404 2232
Not Found: /php_info
[23/Nov/2024 00:58:41] "GET /php_info HTTP/1.0" 404 2244
Not Found: /php_info.php
[23/Nov/2024 00:58:41] "GET /php_info.php HTTP/1.0" 404 2256
Not Found: /info.php
[23/Nov/2024 00:58:42] "GET /info.php HTTP/1.0" 404 2244
Not Found: /_profiler/phpinfo.php
[23/Nov/2024 00:58:43] "GET /_profiler/phpinfo.php HTTP/1.0" 404 2283
Not Found: /_profiler/phpinfo
[23/Nov/2024 00:58:44] "GET /_profiler/phpinfo HTTP/1.0" 404 2271
[23/Nov/2024 19:07:59] "POST /api_handler/cache_air_search/ HTTP/1.0" 200 30322
Not Found: /
[24/Nov/2024 03:38:43] "GET / HTTP/1.0" 404 2202
Not Found: /
[24/Nov/2024 06:45:52] "GET / HTTP/1.0" 404 2202
[24/Nov/2024 20:21:44] "POST /api_handler/cache_air_search/ HTTP/1.0" 200 2
[24/Nov/2024 20:21:59] "POST /api_handler/cache_air_search/ HTTP/1.0" 200 2
[24/Nov/2024 20:57:01] "POST /api_handler/cache_air_search/ HTTP/1.0" 200 31074
[24/Nov/2024 20:58:36] "POST /api_handler/cache_air_search/ HTTP/1.0" 200 4270
[24/Nov/2024 21:10:47] "POST /api_handler/cache_air_search/ HTTP/1.0" 200 4270
[24/Nov/2024 21:11:26] "POST /api_handler/cache_air_search/ HTTP/1.0" 200 4270
[24/Nov/2024 21:13:49] "POST /api_handler/cache_air_search/ HTTP/1.0" 200 4270
[24/Nov/2024 21:18:21] "POST /api_handler/cache_air_search/ HTTP/1.0" 200 4270
[24/Nov/2024 21:20:01] "POST /api_handler/cache_air_search/ HTTP/1.0" 200 4270
[24/Nov/2024 21:20:45] "POST /api_handler/cache_air_search/ HTTP/1.0" 200 4270
[24/Nov/2024 21:21:27] "POST /api_handler/cache_air_search/ HTTP/1.0" 200 4270
[24/Nov/2024 21:23:12] "POST /api_handler/cache_air_search/ HTTP/1.0" 200 4270
[24/Nov/2024 21:24:53] "POST /api_handler/cache_air_search/ HTTP/1.0" 200 4270
[24/Nov/2024 23:45:34] "POST /api_handler/cache_air_search/ HTTP/1.0" 200 4270
[25/Nov/2024 00:28:12] "POST /api_handler/cache_air_search/ HTTP/1.0" 200 31074
[25/Nov/2024 00:42:14] "POST /api_handler/cache_air_search/ HTTP/1.0" 200 39365
[25/Nov/2024 00:52:48] "POST /api_handler/cache_air_search/ HTTP/1.0" 200 2
[25/Nov/2024 00:53:20] "POST /api_handler/cache_air_search/ HTTP/1.0" 200 2
[25/Nov/2024 00:53:49] "POST /api_handler/cache_air_search/ HTTP/1.0" 200 39365
[25/Nov/2024 00:53:59] "OPTIONS /api_handler/cache_air_search/ HTTP/1.0" 200 175
Not Found: /
[25/Nov/2024 09:50:26] "GET / HTTP/1.0" 404 2202
[25/Nov/2024 10:11:22] "POST /api_handler/cache_air_search/ HTTP/1.0" 200 2
[25/Nov/2024 10:12:13] "POST /api_handler/cache_air_search/ HTTP/1.0" 200 31074
/home/ongshak/Travonus-cache-server/travonus_cache_server/travonus_cache_server/settings.py changed, reloading.
Performing system checks...

System check identified no issues (0 silenced).
November 21, 2024 - 22:52:05
Django version 4.2.6, using settings 'travonus_cache_server.settings'
Starting development server at http://0.0.0.0:7333/
Quit the server with CONTROL-C.

@origin:DAC @destination:CXB @departure_date:{2024\-11\-23}
@origin:DAC @destination:CXB @departure_date:{2024\-11\-22}
@origin:DAC @destination:CXB @departure_date:{2024\-11\-24}
@origin:DAC @destination:CXB @departure_date:{2024\-11\-22}
@origin:DAC @destination:CXB @departure_date:{2024\-11\-22}
@origin:CGP @destination:BZL @departure_date:{2024\-11\-22}
@origin:CGP @destination:DAC @departure_date:{2024\-11\-22}
@origin:DAC @destination:CXB @departure_date:{2024\-11\-22}
@origin:DAC @destination:CXB @departure_date:{2024\-11\-22}
@origin:DAC @destination:CXB @departure_date:{2024\-11\-22}
@origin:DAC @destination:CGP @departure_date:{2024\-11\-22}
@origin:DAC @destination:CGP @departure_date:{2024\-11\-24}
@origin:DAC @destination:CXB @departure_date:{2024\-11\-22}
@origin:DAC @destination:CXB @departure_date:{2024\-11\-22}
@origin:DAC @destination:CXB @departure_date:{2024\-11\-22}
@origin:DAC @destination:CXB @departure_date:{2024\-11\-26}
@origin:IRD @destination:CGP @departure_date:{2024\-05\-21}
@origin:IRD @destination:CGP @departure_date:{2024\-12\-13}
@origin:DAC @destination:CXB @departure_date:{2024\-11\-25}
@origin:DAC @destination:CXB @departure_date:{2024\-11\-24}
@origin:DAC @destination:CXB @departure_date:{2024\-11\-24}
@origin:DAC @destination:CXB @departure_date:{2024\-11\-24}
@origin:DAC @destination:CXB @departure_date:{2024\-11\-24}
@origin:DAC @destination:CXB @departure_date:{2024\-11\-24}
@origin:DAC @destination:CXB @departure_date:{2024\-11\-24}
@origin:DAC @destination:CXB @departure_date:{2024\-11\-24}
@origin:DAC @destination:CXB @departure_date:{2024\-11\-24}
@origin:DAC @destination:CXB @departure_date:{2024\-11\-24}
@origin:DAC @destination:CXB @departure_date:{2024\-11\-24}
@origin:DAC @destination:CXB @departure_date:{2024\-11\-24}
@origin:DAC @destination:CXB @departure_date:{2024\-11\-25}
@origin:DAC @destination:CXB @departure_date:{2024\-11\-27}
@origin:CXB @destination:IRD @departure_date:{2024\-11\-25}
@origin:DAC @destination:DAC @departure_date:{2024\-11\-27}
@origin:DAC @destination:CXB @departure_date:{2024\-11\-27}
@origin:ZYL @destination:CXB @departure_date:{2024\-11\-25}
@origin:DAC @destination:CXB @departure_date:{2024\-11\-25}
Watching for file changes with StatReloader
[25/Nov/2024 22:13:54] "OPTIONS /api_handler/cache_air_search/ HTTP/1.0" 200 175
/home/ongshak/Travonus-cache-server/travonus_cache_server/travonus_cache_server/settings.py changed, reloading.
Performing system checks...

System check identified no issues (0 silenced).
November 25, 2024 - 22:11:47
Django version 4.2.6, using settings 'travonus_cache_server.settings'
Starting development server at http://0.0.0.0:7333/
Quit the server with CONTROL-C.

Watching for file changes with StatReloader
/home/ongshak/Travonus-cache-server/travonus_cache_server/travonus_cache_server/settings.py changed, reloading.
Performing system checks...

System check identified no issues (0 silenced).
November 25, 2024 - 22:26:10
Django version 4.2.6, using settings 'travonus_cache_server.settings'
Starting development server at http://0.0.0.0:7333/
Quit the server with CONTROL-C.

Watching for file changes with StatReloader
[25/Nov/2024 22:28:30] "OPTIONS /api_handler/cache_air_search/ HTTP/1.0" 200 0
[25/Nov/2024 22:28:31] "POST /api_handler/cache_air_search/ HTTP/1.0" 200 4270
[25/Nov/2024 23:00:12] "POST /api_handler/cache_air_search/ HTTP/1.0" 200 4270
[25/Nov/2024 23:01:41] "POST /api_handler/cache_air_search/ HTTP/1.0" 200 4270
[25/Nov/2024 23:06:58] "POST /api_handler/cache_air_search/ HTTP/1.0" 200 4270
[25/Nov/2024 23:14:38] "POST /api_handler/cache_air_search/ HTTP/1.0" 200 4270
[25/Nov/2024 23:15:38] "POST /api_handler/cache_air_search/ HTTP/1.0" 200 4270
[25/Nov/2024 23:16:52] "POST /api_handler/cache_air_search/ HTTP/1.0" 200 4270
[25/Nov/2024 23:17:40] "POST /api_handler/cache_air_search/ HTTP/1.0" 200 4270
[25/Nov/2024 23:18:12] "POST /api_handler/cache_air_search/ HTTP/1.0" 200 4270
[25/Nov/2024 23:20:25] "POST /api_handler/cache_air_search/ HTTP/1.0" 200 4270
[25/Nov/2024 23:22:37] "POST /api_handler/cache_air_search/ HTTP/1.0" 200 4270
[25/Nov/2024 23:23:02] "POST /api_handler/cache_air_search/ HTTP/1.0" 200 4270
[25/Nov/2024 23:28:25] "POST /api_handler/cache_air_search/ HTTP/1.0" 200 4270
[26/Nov/2024 00:13:10] "POST /api_handler/cache_air_search/ HTTP/1.0" 200 29253
[26/Nov/2024 00:33:22] "POST /api_handler/cache_air_search/ HTTP/1.0" 200 29253
[26/Nov/2024 00:39:05] "POST /api_handler/cache_air_search/ HTTP/1.0" 200 29253
[26/Nov/2024 00:39:52] "POST /api_handler/cache_air_search/ HTTP/1.0" 200 29253
[26/Nov/2024 00:44:18] "POST /api_handler/cache_air_search/ HTTP/1.0" 200 29253
[26/Nov/2024 00:45:12] "POST /api_handler/cache_air_search/ HTTP/1.0" 200 29253
[26/Nov/2024 01:28:37] "POST /api_handler/cache_air_search/ HTTP/1.0" 200 29253
[26/Nov/2024 01:35:03] "POST /api_handler/cache_air_search/ HTTP/1.0" 200 29253
[26/Nov/2024 01:45:55] "POST /api_handler/cache_air_search/ HTTP/1.0" 200 29253
[26/Nov/2024 01:46:49] "POST /api_handler/cache_air_search/ HTTP/1.0" 200 29253
[26/Nov/2024 02:21:39] "POST /api_handler/cache_air_search/ HTTP/1.0" 200 29253
Not Found: /.env
[26/Nov/2024 06:36:09] "GET /.env HTTP/1.0" 404 2232
Not Found: /.env.exemple
[26/Nov/2024 06:36:10] "GET /.env.exemple HTTP/1.0" 404 2256
Not Found: /config.json
[26/Nov/2024 06:36:11] "GET /config.json HTTP/1.0" 404 2253
Not Found: /sendgrid.env
[26/Nov/2024 06:36:11] "GET /sendgrid.env HTTP/1.0" 404 2256
Not Found: /.aws/credentials
[26/Nov/2024 06:36:12] "GET /.aws/credentials HTTP/1.0" 404 2268
Not Found: /phpinfo.php
[26/Nov/2024 06:36:13] "GET /phpinfo.php HTTP/1.0" 404 2253
Not Found: /phpinfo
[26/Nov/2024 06:36:14] "GET /phpinfo HTTP/1.0" 404 2241
Not Found: /info
[26/Nov/2024 06:36:14] "GET /info HTTP/1.0" 404 2232
Not Found: /php_info
[26/Nov/2024 06:36:16] "GET /php_info HTTP/1.0" 404 2244
Not Found: /php_info.php
[26/Nov/2024 06:36:18] "GET /php_info.php HTTP/1.0" 404 2256
Not Found: /info.php
[26/Nov/2024 06:36:19] "GET /info.php HTTP/1.0" 404 2244
Not Found: /_profiler/phpinfo.php
[26/Nov/2024 06:36:20] "GET /_profiler/phpinfo.php HTTP/1.0" 404 2283
Not Found: /_profiler/phpinfo
[26/Nov/2024 06:36:21] "GET /_profiler/phpinfo HTTP/1.0" 404 2271
[26/Nov/2024 09:15:53] "POST /api_handler/cache_air_search/ HTTP/1.0" 200 5522
[26/Nov/2024 09:15:59] "POST /api_handler/cache_air_search/ HTTP/1.0" 200 29253
[26/Nov/2024 09:28:50] "POST /api_handler/cache_air_search/ HTTP/1.0" 200 27873
